d:\projects\granite_engine\granite_engine\int\debug-x64\sandbox\application.obj
d:\projects\granite_engine\granite_engine\int\debug-x64\sandbox\vc143.idb
d:\projects\granite_engine\granite_engine\int\debug-x64\sandbox\vc143.pdb
d:\projects\granite_engine\granite_engine\bin\debug-x64\sandbox\sandbox.pdb
d:\projects\granite_engine\granite_engine\int\debug-x64\sandbox\sandbox.vcxproj.filelistabsolute.txt
d:\projects\granite_engine\granite_engine\int\debug-x64\sandbox\sandbox.tlog\cl.command.1.tlog
d:\projects\granite_engine\granite_engine\int\debug-x64\sandbox\sandbox.tlog\link-cvtres.read.1.tlog
d:\projects\granite_engine\granite_engine\int\debug-x64\sandbox\sandbox.tlog\link-cvtres.write.1.tlog
d:\projects\granite_engine\granite_engine\int\debug-x64\sandbox\sandbox.tlog\link-rc.read.1.tlog
d:\projects\granite_engine\granite_engine\int\debug-x64\sandbox\sandbox.tlog\link-rc.write.1.tlog
d:\projects\granite_engine\granite_engine\int\debug-x64\sandbox\sandbox.tlog\link.8492-cvtres.read.1.tlog
d:\projects\granite_engine\granite_engine\int\debug-x64\sandbox\sandbox.tlog\link.8492-cvtres.write.1.tlog
d:\projects\granite_engine\granite_engine\int\debug-x64\sandbox\sandbox.tlog\link.8492-rc.read.1.tlog
d:\projects\granite_engine\granite_engine\int\debug-x64\sandbox\sandbox.tlog\link.8492-rc.write.1.tlog
d:\projects\granite_engine\granite_engine\int\debug-x64\sandbox\sandbox.tlog\link.8492.read.1.tlog
d:\projects\granite_engine\granite_engine\int\debug-x64\sandbox\sandbox.tlog\link.8492.read.2.tlog
d:\projects\granite_engine\granite_engine\int\debug-x64\sandbox\sandbox.tlog\link.8492.write.1.tlog
d:\projects\granite_engine\granite_engine\int\debug-x64\sandbox\sandbox.tlog\link.command.1.tlog
d:\projects\granite_engine\granite_engine\int\debug-x64\sandbox\sandbox.tlog\link.read.1.tlog
d:\projects\granite_engine\granite_engine\int\debug-x64\sandbox\sandbox.tlog\link.read.2.tlog
d:\projects\granite_engine\granite_engine\int\debug-x64\sandbox\sandbox.tlog\link.write.1.tlog
